<?xml version="1.0" encoding="UTF-8"?>
<!-- Generated by org.testng.reporters.JUnitReportReporter -->
<testsuite hostname="lobid-Inspiron-13-7359" name="regrassionTest.RegistrySearch" tests="1" failures="0" timestamp="5 Jan 2019 15:52:56 GMT" time="39.965" errors="0">
  <testcase name="regisrtySearchTest" time="39.965" classname="regrassionTest.RegistrySearch"/>
</testsuite> <!-- regrassionTest.RegistrySearch -->
